<?xml version="1.0" encoding="UTF-8"?>
<!-- Generated by org.testng.reporters.JUnitReportReporter -->
<testsuite hostname="DESKTOP-1555UOJ" failures="0" tests="1" name="login_tests.InValidLogin" time="7.210" errors="0" timestamp="2023-04-08T23:47:20 EET" skipped="0">
  <testcase classname="login_tests.InValidLogin" name="loginWithInvalidEmailAndPassword" time="7.210"/>
  <system-out/>
</testsuite> <!-- login_tests.InValidLogin -->
