<?xml version="1.0" encoding="UTF-8"?>
<!-- Generated by org.testng.reporters.JUnitReportReporter -->
<testsuite hostname="DESKTOP-1555UOJ" failures="0" tests="1" name="register_tests.ValidRegister" time="6.891" errors="0" timestamp="2023-04-08T23:47:20 EET" skipped="0">
  <testcase classname="register_tests.ValidRegister" name="registerWithValidCredentials" time="6.891"/>
  <system-out/>
</testsuite> <!-- register_tests.ValidRegister -->
