<?xml version="1.0" encoding="UTF-8"?>
<!-- Generated by org.testng.reporters.JUnitReportReporter -->
<testsuite hostname="DESKTOP-1555UOJ" failures="0" tests="1" name="register_tests.ValidRegister" time="7.208" errors="0" timestamp="2023-04-09T00:14:53 EET" skipped="0">
  <testcase classname="register_tests.ValidRegister" name="registerWithValidCredentials" time="7.208"/>
  <system-out/>
</testsuite> <!-- register_tests.ValidRegister -->
