<?xml version="1.0" encoding="UTF-8"?>
<!-- Generated by org.testng.reporters.JUnitReportReporter -->
<testsuite hostname="DESKTOP-1555UOJ" failures="0" tests="1" name="search_tests.searchResultValidation" time="4.897" errors="0" timestamp="2023-04-08T23:47:20 EET" skipped="0">
  <testcase classname="search_tests.searchResultValidation" name="searchAndValidateResults" time="4.897"/>
  <system-out/>
</testsuite> <!-- search_tests.searchResultValidation -->
