<?xml version="1.0" encoding="UTF-8"?>
<!-- Generated by org.testng.reporters.JUnitReportReporter -->
<testsuite hostname="DESKTOP-1555UOJ" failures="0" tests="1" name="currencies_tests.Currency" time="5.581" errors="0" timestamp="2023-04-08T23:47:20 EET" skipped="0">
  <testcase classname="currencies_tests.Currency" name="testIfCurrencyChangedOverAllProducts" time="5.581"/>
  <system-out/>
</testsuite> <!-- currencies_tests.Currency -->
